# JRE version: OpenJDK Runtime Environment (17.0.11) (build 17.0.11+0--11852314)
# Java VM: OpenJDK 64-Bit Server VM (17.0.11+0--11852314, mixed mode, tiered, compressed oops, compressed class ptrs, g1 gc, windows-amd64)
GC Precious Log:
 CPUs: 12 total, 12 available
 Memory: 8043M
 Large Page Support: Disabled
 NUMA Support: Disabled
 Compressed Oops: Enabled (32-bit)
 Heap Region Size: 1M
 Heap Min Capacity: 8M
 Heap Initial Capacity: 126M
 Heap Max Capacity: 2G
 Pre-touch: Disabled
 Parallel Workers: 10
 Concurrent Workers: 3
 Concurrent Refinement Workers: 10
 Periodic GC: Disabled
Heap:
 garbage-first heap   total 306176K, used 172265K [0x0000000080000000, 0x0000000100000000)
  region size 1024K, 10 young (10240K), 10 survivors (10240K)
 Metaspace       used 138968K, committed 140096K, reserved 1179648K
  class space    used 19573K, committed 20160K, reserved 1048576K
GC Heap History (20 events):
Event: 29.272 GC heap after
{Heap after GC invocations=48 (full 0):
 garbage-first heap   total 249856K, used 124249K [0x0000000080000000, 0x0000000100000000)
  region size 1024K, 1 young (1024K), 1 survivors (1024K)
 Metaspace       used 124958K, committed 125952K, reserved 1179648K
  class space    used 17886K, committed 18368K, reserved 1048576K
}
Event: 30.160 GC heap before
{Heap before GC invocations=48 (full 0):
 garbage-first heap   total 249856K, used 206169K [0x0000000080000000, 0x0000000100000000)
  region size 1024K, 80 young (81920K), 1 survivors (1024K)
 Metaspace       used 128599K, committed 129536K, reserved 1179648K
  class space    used 18528K, committed 19008K, reserved 1048576K
}
Event: 30.164 GC heap after
{Heap after GC invocations=49 (full 0):
 garbage-first heap   total 300032K, used 125882K [0x0000000080000000, 0x0000000100000000)
  region size 1024K, 3 young (3072K), 3 survivors (3072K)
 Metaspace       used 128599K, committed 129536K, reserved 1179648K
  class space    used 18528K, committed 19008K, reserved 1048576K
}
Event: 780.325 GC heap before
{Heap before GC invocations=50 (full 0):
 garbage-first heap   total 300032K, used 256954K [0x0000000080000000, 0x0000000100000000)
  region size 1024K, 119 young (121856K), 3 survivors (3072K)
 Metaspace       used 132247K, committed 133184K, reserved 1179648K
  class space    used 18975K, committed 19456K, reserved 1048576K
}
Event: 780.469 GC heap after
{Heap after GC invocations=51 (full 0):
 garbage-first heap   total 300032K, used 132416K [0x0000000080000000, 0x0000000100000000)
  region size 1024K, 9 young (9216K), 9 survivors (9216K)
 Metaspace       used 132247K, committed 133184K, reserved 1179648K
  class space    used 18975K, committed 19456K, reserved 1048576K
}
Event: 780.767 GC heap before
{Heap before GC invocations=51 (full 0):
 garbage-first heap   total 300032K, used 137536K [0x0000000080000000, 0x0000000100000000)
  region size 1024K, 14 young (14336K), 9 survivors (9216K)
 Metaspace       used 132324K, committed 133248K, reserved 1179648K
  class space    used 18978K, committed 19456K, reserved 1048576K
}
Event: 780.856 GC heap after
{Heap after GC invocations=52 (full 0):
 garbage-first heap   total 300032K, used 132137K [0x0000000080000000, 0x0000000100000000)
  region size 1024K, 2 young (2048K), 2 survivors (2048K)
 Metaspace       used 132324K, committed 133248K, reserved 1179648K
  class space    used 18978K, committed 19456K, reserved 1048576K
}
Event: 781.883 GC heap before
{Heap before GC invocations=52 (full 0):
 garbage-first heap   total 300032K, used 156713K [0x0000000080000000, 0x0000000100000000)
  region size 1024K, 28 young (28672K), 2 survivors (2048K)
 Metaspace       used 132754K, committed 133760K, reserved 1179648K
  class space    used 19008K, committed 19520K, reserved 1048576K
}
Event: 781.908 GC heap after
{Heap after GC invocations=53 (full 0):
 garbage-first heap   total 300032K, used 134706K [0x0000000080000000, 0x0000000100000000)
  region size 1024K, 5 young (5120K), 5 survivors (5120K)
 Metaspace       used 132754K, committed 133760K, reserved 1179648K
  class space    used 19008K, committed 19520K, reserved 1048576K
}
Event: 820.628 GC heap before
{Heap before GC invocations=54 (full 0):
 garbage-first heap   total 300032K, used 236082K [0x0000000080000000, 0x0000000100000000)
  region size 1024K, 104 young (106496K), 5 survivors (5120K)
 Metaspace       used 134856K, committed 135872K, reserved 1179648K
  class space    used 19244K, committed 19776K, reserved 1048576K
}
Event: 820.734 GC heap after
{Heap after GC invocations=55 (full 0):
 garbage-first heap   total 300032K, used 138823K [0x0000000080000000, 0x0000000100000000)
  region size 1024K, 10 young (10240K), 10 survivors (10240K)
 Metaspace       used 134856K, committed 135872K, reserved 1179648K
  class space    used 19244K, committed 19776K, reserved 1048576K
}
Event: 820.796 GC heap before
{Heap before GC invocations=55 (full 0):
 garbage-first heap   total 300032K, used 142919K [0x0000000080000000, 0x0000000100000000)
  region size 1024K, 14 young (14336K), 10 survivors (10240K)
 Metaspace       used 134891K, committed 135936K, reserved 1179648K
  class space    used 19244K, committed 19776K, reserved 1048576K
}
Event: 820.922 GC heap after
{Heap after GC invocations=56 (full 0):
 garbage-first heap   total 300032K, used 131885K [0x0000000080000000, 0x0000000100000000)
  region size 1024K, 2 young (2048K), 2 survivors (2048K)
 Metaspace       used 134891K, committed 135936K, reserved 1179648K
  class space    used 19244K, committed 19776K, reserved 1048576K
}
Event: 822.930 GC heap before
{Heap before GC invocations=56 (full 0):
 garbage-first heap   total 300032K, used 190253K [0x0000000080000000, 0x0000000100000000)
  region size 1024K, 61 young (62464K), 2 survivors (2048K)
 Metaspace       used 135466K, committed 136512K, reserved 1179648K
  class space    used 19265K, committed 19776K, reserved 1048576K
}
Event: 822.954 GC heap after
{Heap after GC invocations=57 (full 0):
 garbage-first heap   total 300032K, used 144031K [0x0000000080000000, 0x0000000100000000)
  region size 1024K, 14 young (14336K), 14 survivors (14336K)
 Metaspace       used 135466K, committed 136512K, reserved 1179648K
  class space    used 19265K, committed 19776K, reserved 1048576K
}
Event: 825.630 GC heap before
{Heap before GC invocations=58 (full 0):
 garbage-first heap   total 300032K, used 269983K [0x0000000080000000, 0x0000000100000000)
  region size 1024K, 104 young (106496K), 14 survivors (14336K)
 Metaspace       used 136290K, committed 137344K, reserved 1179648K
  class space    used 19321K, committed 19840K, reserved 1048576K
}
Event: 825.729 GC heap after
{Heap after GC invocations=59 (full 0):
 garbage-first heap   total 306176K, used 166301K [0x0000000080000000, 0x0000000100000000)
  region size 1024K, 13 young (13312K), 13 survivors (13312K)
 Metaspace       used 136290K, committed 137344K, reserved 1179648K
  class space    used 19321K, committed 19840K, reserved 1048576K
}
Event: 825.734 GC heap before
{Heap before GC invocations=59 (full 0):
 garbage-first heap   total 306176K, used 167325K [0x0000000080000000, 0x0000000100000000)
  region size 1024K, 14 young (14336K), 13 survivors (13312K)
 Metaspace       used 136290K, committed 137344K, reserved 1179648K
  class space    used 19321K, committed 19840K, reserved 1048576K
}
Event: 825.764 GC heap after
{Heap after GC invocations=60 (full 0):
 garbage-first heap   total 306176K, used 160948K [0x0000000080000000, 0x0000000100000000)
  region size 1024K, 2 young (2048K), 2 survivors (2048K)
 Metaspace       used 136290K, committed 137344K, reserved 1179648K
  class space    used 19321K, committed 19840K, reserved 1048576K
}
Event: 826.307 GC heap before
{Heap before GC invocations=60 (full 0):
 garbage-first heap   total 306176K, used 239796K [0x0000000080000000, 0x0000000100000000)
  region size 1024K, 80 young (81920K), 2 survivors (2048K)
 Metaspace       used 138968K, committed 140096K, reserved 1179648K
  class space    used 19573K, committed 20160K, reserved 1048576K
}

