# JRE version: OpenJDK Runtime Environment (17.0.11) (build 17.0.11+0--11852314)
# Java VM: OpenJDK 64-Bit Server VM (17.0.11+0--11852314, mixed mode, tiered, compressed oops, compressed class ptrs, g1 gc, windows-amd64)
GC Precious Log:
 CPUs: 12 total, 12 available
 Memory: 8043M
 Large Page Support: Disabled
 NUMA Support: Disabled
 Compressed Oops: Enabled (32-bit)
 Heap Region Size: 1M
 Heap Min Capacity: 8M
 Heap Initial Capacity: 126M
 Heap Max Capacity: 2G
 Pre-touch: Disabled
 Parallel Workers: 10
 Concurrent Workers: 3
 Concurrent Refinement Workers: 10
 Periodic GC: Disabled
Heap:
 garbage-first heap   total 491520K, used 235330K [0x0000000080000000, 0x0000000100000000)
  region size 1024K, 2 young (2048K), 2 survivors (2048K)
 Metaspace       used 160084K, committed 162176K, reserved 1245184K
  class space    used 22196K, committed 23040K, reserved 1048576K
GC Heap History (20 events):
Event: 2704.058 GC heap after
{Heap after GC invocations=79 (full 0):
 garbage-first heap   total 491520K, used 209659K [0x0000000080000000, 0x0000000100000000)
  region size 1024K, 3 young (3072K), 3 survivors (3072K)
 Metaspace       used 159837K, committed 161152K, reserved 1245184K
  class space    used 22310K, committed 22976K, reserved 1048576K
}
Event: 2706.188 GC heap before
{Heap before GC invocations=79 (full 0):
 garbage-first heap   total 491520K, used 264955K [0x0000000080000000, 0x0000000100000000)
  region size 1024K, 59 young (60416K), 3 survivors (3072K)
 Metaspace       used 159998K, committed 161344K, reserved 1245184K
  class space    used 22314K, committed 22976K, reserved 1048576K
}
Event: 2706.225 GC heap after
{Heap after GC invocations=80 (full 0):
 garbage-first heap   total 491520K, used 217186K [0x0000000080000000, 0x0000000100000000)
  region size 1024K, 10 young (10240K), 10 survivors (10240K)
 Metaspace       used 159998K, committed 161344K, reserved 1245184K
  class space    used 22314K, committed 22976K, reserved 1048576K
}
Event: 2714.519 GC heap before
{Heap before GC invocations=81 (full 0):
 garbage-first heap   total 491520K, used 416866K [0x0000000080000000, 0x0000000100000000)
  region size 1024K, 185 young (189440K), 10 survivors (10240K)
 Metaspace       used 160323K, committed 161664K, reserved 1245184K
  class space    used 22342K, committed 22976K, reserved 1048576K
}
Event: 2714.600 GC heap after
{Heap after GC invocations=82 (full 0):
 garbage-first heap   total 491520K, used 226303K [0x0000000080000000, 0x0000000100000000)
  region size 1024K, 19 young (19456K), 19 survivors (19456K)
 Metaspace       used 160323K, committed 161664K, reserved 1245184K
  class space    used 22342K, committed 22976K, reserved 1048576K
}
Event: 2714.608 GC heap before
{Heap before GC invocations=82 (full 0):
 garbage-first heap   total 491520K, used 231423K [0x0000000080000000, 0x0000000100000000)
  region size 1024K, 24 young (24576K), 19 survivors (19456K)
 Metaspace       used 160332K, committed 161664K, reserved 1245184K
  class space    used 22342K, committed 22976K, reserved 1048576K
}
Event: 2714.749 GC heap after
{Heap after GC invocations=83 (full 0):
 garbage-first heap   total 491520K, used 226164K [0x0000000080000000, 0x0000000100000000)
  region size 1024K, 3 young (3072K), 3 survivors (3072K)
 Metaspace       used 160332K, committed 161664K, reserved 1245184K
  class space    used 22342K, committed 22976K, reserved 1048576K
}
Event: 2715.042 GC heap before
{Heap before GC invocations=83 (full 0):
 garbage-first heap   total 491520K, used 283508K [0x0000000080000000, 0x0000000100000000)
  region size 1024K, 61 young (62464K), 3 survivors (3072K)
 Metaspace       used 160477K, committed 161792K, reserved 1245184K
  class space    used 22342K, committed 22976K, reserved 1048576K
}
Event: 2715.072 GC heap after
{Heap after GC invocations=84 (full 0):
 garbage-first heap   total 491520K, used 228152K [0x0000000080000000, 0x0000000100000000)
  region size 1024K, 5 young (5120K), 5 survivors (5120K)
 Metaspace       used 160477K, committed 161792K, reserved 1245184K
  class space    used 22342K, committed 22976K, reserved 1048576K
}
Event: 4091.541 GC heap before
{Heap before GC invocations=85 (full 0):
 garbage-first heap   total 491520K, used 398136K [0x0000000080000000, 0x0000000100000000)
  region size 1024K, 157 young (160768K), 5 survivors (5120K)
 Metaspace       used 160773K, committed 162112K, reserved 1245184K
  class space    used 22359K, committed 23040K, reserved 1048576K
}
Event: 4091.660 GC heap after
{Heap after GC invocations=86 (full 0):
 garbage-first heap   total 491520K, used 234339K [0x0000000080000000, 0x0000000100000000)
  region size 1024K, 11 young (11264K), 11 survivors (11264K)
 Metaspace       used 160773K, committed 162112K, reserved 1245184K
  class space    used 22359K, committed 23040K, reserved 1048576K
}
Event: 4092.027 GC heap before
{Heap before GC invocations=86 (full 0):
 garbage-first heap   total 491520K, used 248675K [0x0000000080000000, 0x0000000100000000)
  region size 1024K, 24 young (24576K), 11 survivors (11264K)
 Metaspace       used 160795K, committed 162176K, reserved 1245184K
  class space    used 22359K, committed 23040K, reserved 1048576K
}
Event: 4092.183 GC heap after
{Heap after GC invocations=87 (full 0):
 garbage-first heap   total 491520K, used 235150K [0x0000000080000000, 0x0000000100000000)
  region size 1024K, 3 young (3072K), 3 survivors (3072K)
 Metaspace       used 160795K, committed 162176K, reserved 1245184K
  class space    used 22359K, committed 23040K, reserved 1048576K
}
Event: 4092.507 GC heap before
{Heap before GC invocations=87 (full 0):
 garbage-first heap   total 491520K, used 267918K [0x0000000080000000, 0x0000000100000000)
  region size 1024K, 37 young (37888K), 3 survivors (3072K)
 Metaspace       used 160811K, committed 162176K, reserved 1245184K
  class space    used 22359K, committed 23040K, reserved 1048576K
}
Event: 4092.565 GC heap after
{Heap after GC invocations=88 (full 0):
 garbage-first heap   total 491520K, used 253689K [0x0000000080000000, 0x0000000100000000)
  region size 1024K, 19 young (19456K), 19 survivors (19456K)
 Metaspace       used 160811K, committed 162176K, reserved 1245184K
  class space    used 22359K, committed 23040K, reserved 1048576K
}
Event: 4097.517 GC heap before
{Heap before GC invocations=89 (full 0):
 garbage-first heap   total 491520K, used 333561K [0x0000000080000000, 0x0000000100000000)
  region size 1024K, 81 young (82944K), 19 survivors (19456K)
 Metaspace       used 160084K, committed 162176K, reserved 1245184K
  class space    used 22196K, committed 23040K, reserved 1048576K
}
Event: 4097.662 GC heap after
{Heap after GC invocations=90 (full 0):
 garbage-first heap   total 491520K, used 257500K [0x0000000080000000, 0x0000000100000000)
  region size 1024K, 5 young (5120K), 5 survivors (5120K)
 Metaspace       used 160084K, committed 162176K, reserved 1245184K
  class space    used 22196K, committed 23040K, reserved 1048576K
}
Event: 4097.700 GC heap before
{Heap before GC invocations=90 (full 0):
 garbage-first heap   total 491520K, used 275932K [0x0000000080000000, 0x0000000100000000)
  region size 1024K, 24 young (24576K), 5 survivors (5120K)
 Metaspace       used 160084K, committed 162176K, reserved 1245184K
  class space    used 22196K, committed 23040K, reserved 1048576K
}
Event: 4097.776 GC heap after
{Heap after GC invocations=91 (full 0):
 garbage-first heap   total 491520K, used 235743K [0x0000000080000000, 0x0000000100000000)
  region size 1024K, 2 young (2048K), 2 survivors (2048K)
 Metaspace       used 160084K, committed 162176K, reserved 1245184K
  class space    used 22196K, committed 23040K, reserved 1048576K
}
Event: 4097.793 GC heap before
{Heap before GC invocations=91 (full 0):
 garbage-first heap   total 491520K, used 258271K [0x0000000080000000, 0x0000000100000000)
  region size 1024K, 24 young (24576K), 2 survivors (2048K)
 Metaspace       used 160084K, committed 162176K, reserved 1245184K
  class space    used 22196K, committed 23040K, reserved 1048576K
}

